[24/Oct/2019 14:58:56] "GET / HTTP/1.1" 200 11693
[24/Oct/2019 14:58:57] "GET /static/images/adminPages.jpg HTTP/1.1" 304 0
[24/Oct/2019 14:58:57] "GET /vendor/jquery/jquery.min.js HTTP/1.1" 404 77
[24/Oct/2019 14:58:57] "GET /static/images/soldier-icon-57.png HTTP/1.1" 304 0
[24/Oct/2019 14:58:57] "GET /vendor/bootstrap/js/bootstrap.bundle.min.js HTTP/1.1" 404 77
[24/Oct/2019 14:58:57] "GET /static/images/boardIcon.jpg HTTP/1.1" 304 0
[24/Oct/2019 14:58:57] "GET /static/images/calendarIcon.png HTTP/1.1" 304 0
[24/Oct/2019 14:58:57] "GET / HTTP/1.1" 200 11693
[24/Oct/2019 14:58:57] "GET /static/images/soldier-icon-57.png HTTP/1.1" 200 42016
[24/Oct/2019 14:58:57] "GET /static/images/boardIcon.jpg HTTP/1.1" 200 24482
[24/Oct/2019 14:58:58] "GET /vendor/jquery/jquery.min.js HTTP/1.1" 404 77
[24/Oct/2019 14:58:58] "GET /vendor/bootstrap/js/bootstrap.bundle.min.js HTTP/1.1" 404 77
[24/Oct/2019 14:58:58] "GET /static/images/calendarIcon.png HTTP/1.1" 200 4099
[24/Oct/2019 14:58:58] "GET /vendor/bootstrap/js/bootstrap.bundle.min.js HTTP/1.1" 404 77
[24/Oct/2019 14:59:07] "GET / HTTP/1.1" 200 11693
[24/Oct/2019 14:59:07] "GET /vendor/jquery/jquery.min.js HTTP/1.1" 404 77
[24/Oct/2019 14:59:07] "GET /vendor/bootstrap/js/bootstrap.bundle.min.js HTTP/1.1" 404 77
[24/Oct/2019 14:59:28] "GET / HTTP/1.1" 200 11693
[24/Oct/2019 14:59:28] "GET /static/images/adminPages.jpg HTTP/1.1" 304 0
[24/Oct/2019 14:59:28] "GET /static/images/soldier-icon-57.png HTTP/1.1" 304 0
[24/Oct/2019 14:59:28] "GET /vendor/jquery/jquery.min.js HTTP/1.1" 404 77
[24/Oct/2019 14:59:28] "GET /static/images/calendarIcon.png HTTP/1.1" 304 0
[24/Oct/2019 14:59:28] "GET /static/images/boardIcon.jpg HTTP/1.1" 304 0
[24/Oct/2019 14:59:28] "GET /vendor/bootstrap/js/bootstrap.bundle.min.js HTTP/1.1" 404 77
[24/Oct/2019 14:59:28] "GET / HTTP/1.1" 200 11693
[24/Oct/2019 14:59:29] "GET /vendor/bootstrap/js/bootstrap.bundle.min.js HTTP/1.1" 404 77
[24/Oct/2019 14:59:29] "GET /static/images/calendarIcon.png HTTP/1.1" 200 4099
[24/Oct/2019 14:59:29] "GET /static/images/boardIcon.jpg HTTP/1.1" 200 24482
[24/Oct/2019 14:59:29] "GET /vendor/jquery/jquery.min.js HTTP/1.1" 404 77
[24/Oct/2019 14:59:29] "GET / HTTP/1.1" 200 11693
[24/Oct/2019 14:59:29] "GET /vendor/bootstrap/js/bootstrap.bundle.min.js HTTP/1.1" 404 77
[24/Oct/2019 14:59:30] "GET /vendor/jquery/jquery.min.js HTTP/1.1" 404 77
[24/Oct/2019 14:59:30] "GET /vendor/bootstrap/js/bootstrap.bundle.min.js HTTP/1.1" 404 77
[24/Oct/2019 14:59:31] "GET /login/sign_in HTTP/1.1" 301 0
[24/Oct/2019 14:59:32] "GET /login/sign_in/ HTTP/1.1" 200 7801
[24/Oct/2019 14:59:32] "GET /static/Bootstrap/sign_in/signin.css HTTP/1.1" 200 816
[24/Oct/2019 14:59:33] "GET /static/Bootstrap/sign_in/bootstrap.min.css HTTP/1.1" 200 206281
[24/Oct/2019 14:59:35] "GET /accounts/login/ HTTP/1.1" 200 1238
[24/Oct/2019 14:59:56] "POST /accounts/login/ HTTP/1.1" 302 0
[24/Oct/2019 14:59:57] "GET / HTTP/1.1" 200 11998
[24/Oct/2019 14:59:57] "GET /static/images/adminPages.jpg HTTP/1.1" 304 0
[24/Oct/2019 14:59:57] "GET /static/images/soldier-icon-57.png HTTP/1.1" 304 0
[24/Oct/2019 14:59:57] "GET /static/images/boardIcon.jpg HTTP/1.1" 304 0
[24/Oct/2019 14:59:57] "GET /vendor/jquery/jquery.min.js HTTP/1.1" 404 77
[24/Oct/2019 14:59:57] "GET /static/images/calendarIcon.png HTTP/1.1" 304 0
[24/Oct/2019 14:59:57] "GET /vendor/bootstrap/js/bootstrap.bundle.min.js HTTP/1.1" 404 77
[24/Oct/2019 14:59:58] "GET /vendor/bootstrap/js/bootstrap.bundle.min.js HTTP/1.1" 404 77
[24/Oct/2019 15:00:04] "GET /vacation/ HTTP/1.1" 200 9795
[24/Oct/2019 15:00:24] "GET /vacation/create/ HTTP/1.1" 200 11384
[24/Oct/2019 15:00:24] "GET /static/markdownx/js/markdownx.min.js HTTP/1.1" 200 10515
[24/Oct/2019 15:00:25] "POST /markdownx/markdownify/ HTTP/1.1" 200 0
[24/Oct/2019 15:00:55] "POST /markdownx/markdownify/ HTTP/1.1" 200 32
[24/Oct/2019 15:01:02] "POST /markdownx/markdownify/ HTTP/1.1" 200 32
[24/Oct/2019 15:01:04] "POST /markdownx/markdownify/ HTTP/1.1" 200 34
[24/Oct/2019 15:01:06] "POST /markdownx/markdownify/ HTTP/1.1" 200 40
[24/Oct/2019 15:01:08] "POST /markdownx/markdownify/ HTTP/1.1" 200 41
[24/Oct/2019 15:01:10] "POST /markdownx/markdownify/ HTTP/1.1" 200 40
[24/Oct/2019 15:01:13] "POST /markdownx/markdownify/ HTTP/1.1" 200 40
[24/Oct/2019 15:01:17] "POST /markdownx/markdownify/ HTTP/1.1" 200 47
[24/Oct/2019 15:01:20] "POST /markdownx/markdownify/ HTTP/1.1" 200 56
[24/Oct/2019 15:01:20] "POST /markdownx/markdownify/ HTTP/1.1" 200 68
[24/Oct/2019 15:01:22] "POST /markdownx/markdownify/ HTTP/1.1" 200 75
[24/Oct/2019 15:01:23] "POST /markdownx/markdownify/ HTTP/1.1" 200 77
[24/Oct/2019 15:01:27] "POST /markdownx/markdownify/ HTTP/1.1" 200 86
[24/Oct/2019 15:01:27] "POST /markdownx/markdownify/ HTTP/1.1" 200 86
[24/Oct/2019 15:01:29] "POST /markdownx/markdownify/ HTTP/1.1" 200 77
[24/Oct/2019 15:01:30] "POST /markdownx/markdownify/ HTTP/1.1" 200 103
[24/Oct/2019 15:01:32] "POST /markdownx/markdownify/ HTTP/1.1" 200 104
[24/Oct/2019 15:01:35] "POST /markdownx/markdownify/ HTTP/1.1" 200 111
[24/Oct/2019 15:01:36] "POST /markdownx/markdownify/ HTTP/1.1" 200 113
[24/Oct/2019 15:01:38] "POST /markdownx/markdownify/ HTTP/1.1" 200 119
[24/Oct/2019 15:01:41] "POST /markdownx/markdownify/ HTTP/1.1" 200 137
[24/Oct/2019 15:01:43] "POST /markdownx/markdownify/ HTTP/1.1" 200 143
[24/Oct/2019 15:01:46] "POST /markdownx/markdownify/ HTTP/1.1" 200 160
[24/Oct/2019 15:01:47] "POST /markdownx/markdownify/ HTTP/1.1" 200 162
[24/Oct/2019 15:01:49] "POST /markdownx/markdownify/ HTTP/1.1" 200 171
[24/Oct/2019 15:01:57] "POST /markdownx/markdownify/ HTTP/1.1" 200 171
[24/Oct/2019 15:02:40] "POST /vacation/create/ HTTP/1.1" 302 0
[24/Oct/2019 15:02:41] "GET /vacation/1/ HTTP/1.1" 200 9856
[24/Oct/2019 15:02:43] "GET / HTTP/1.1" 200 11998
[24/Oct/2019 15:02:43] "GET /static/images/adminPages.jpg HTTP/1.1" 304 0
[24/Oct/2019 15:02:43] "GET /static/images/soldier-icon-57.png HTTP/1.1" 304 0
[24/Oct/2019 15:02:43] "GET /static/images/calendarIcon.png HTTP/1.1" 304 0
[24/Oct/2019 15:02:43] "GET /static/images/boardIcon.jpg HTTP/1.1" 304 0
[24/Oct/2019 15:02:43] "GET /vendor/bootstrap/js/bootstrap.bundle.min.js HTTP/1.1" 404 77
[24/Oct/2019 15:02:43] "GET /vendor/jquery/jquery.min.js HTTP/1.1" 404 77
[24/Oct/2019 15:02:44] "GET /vendor/bootstrap/js/bootstrap.bundle.min.js HTTP/1.1" 404 77
[24/Oct/2019 15:02:46] "GET /admin/headcount/ HTTP/1.1" 200 17071
[24/Oct/2019 15:02:46] "GET /static/bootstrap/admin_tools/dataTables.bootstrap4.js HTTP/1.1" 200 6515
[24/Oct/2019 15:02:46] "GET /static/bootstrap/admin_tools/jquery.easing.min.js HTTP/1.1" 200 4652
[24/Oct/2019 15:02:46] "GET /static/bootstrap/admin_tools/sb-admin.min.js HTTP/1.1" 200 1291
[24/Oct/2019 15:02:46] "GET /static/bootstrap/admin_tools/datatables-demo.js HTTP/1.1" 200 104
[24/Oct/2019 15:02:47] "GET /static/bootstrap/admin_tools/chart-area-demo.js HTTP/1.1" 200 2216
[24/Oct/2019 15:02:47] "GET /static/bootstrap/admin_tools/Chart.min.js HTTP/1.1" 200 344551
[24/Oct/2019 15:02:47] "GET /static/bootstrap/admin_tools/jquery.dataTables.js HTTP/1.1" 200 447568
[24/Oct/2019 15:02:49] "GET /vacation/ HTTP/1.1" 200 10710
[24/Oct/2019 15:02:51] "GET /vacation/1/ HTTP/1.1" 200 9856
[24/Oct/2019 15:02:55] "GET /vacation/ HTTP/1.1" 200 10710
[24/Oct/2019 15:02:56] "GET /vacation/search/%EA%B3%B5%EA%B0%80/ HTTP/1.1" 200 10723
[24/Oct/2019 15:02:57] "GET /vacation/ HTTP/1.1" 200 10710
[24/Oct/2019 15:02:59] "GET /vacation/1/ HTTP/1.1" 200 9856
[24/Oct/2019 15:03:00] "GET /vacation/ HTTP/1.1" 200 10710
[24/Oct/2019 15:03:01] "GET /vacation/ HTTP/1.1" 200 10710
[24/Oct/2019 15:03:04] "GET /vacation/search/%EC%8B%9C%ED%9D%A5/ HTTP/1.1" 200 10723
[24/Oct/2019 15:03:14] "GET /vacation/search/%EC%8B%9C%ED%9D%A5/ HTTP/1.1" 200 10723
[24/Oct/2019 15:03:21] "GET /vacation/create/ HTTP/1.1" 200 11384
[24/Oct/2019 15:03:21] "POST /markdownx/markdownify/ HTTP/1.1" 200 0
[24/Oct/2019 15:03:38] "POST /markdownx/markdownify/ HTTP/1.1" 200 9
[24/Oct/2019 15:03:39] "POST /markdownx/markdownify/ HTTP/1.1" 200 9
[24/Oct/2019 15:03:40] "POST /markdownx/markdownify/ HTTP/1.1" 200 9
[24/Oct/2019 15:03:40] "POST /markdownx/markdownify/ HTTP/1.1" 200 9
[24/Oct/2019 15:03:45] "POST /markdownx/markdownify/ HTTP/1.1" 200 41
[24/Oct/2019 15:03:46] "POST /markdownx/markdownify/ HTTP/1.1" 200 42
[24/Oct/2019 15:03:51] "POST /markdownx/markdownify/ HTTP/1.1" 200 52
[24/Oct/2019 15:03:54] "POST /markdownx/markdownify/ HTTP/1.1" 200 68
[24/Oct/2019 15:03:55] "POST /markdownx/markdownify/ HTTP/1.1" 200 68
[24/Oct/2019 15:03:58] "POST /markdownx/markdownify/ HTTP/1.1" 200 74
[24/Oct/2019 15:03:59] "POST /markdownx/markdownify/ HTTP/1.1" 200 76
[24/Oct/2019 15:04:01] "POST /markdownx/markdownify/ HTTP/1.1" 200 76
[24/Oct/2019 15:04:05] "POST /markdownx/markdownify/ HTTP/1.1" 200 103
[24/Oct/2019 15:04:06] "POST /markdownx/markdownify/ HTTP/1.1" 200 105
[24/Oct/2019 15:04:10] "POST /markdownx/markdownify/ HTTP/1.1" 200 109
[24/Oct/2019 15:04:11] "POST /markdownx/markdownify/ HTTP/1.1" 200 112
[24/Oct/2019 15:04:13] "POST /markdownx/markdownify/ HTTP/1.1" 200 119
[24/Oct/2019 15:04:16] "POST /markdownx/markdownify/ HTTP/1.1" 200 140
[24/Oct/2019 15:04:17] "POST /markdownx/markdownify/ HTTP/1.1" 200 140
[24/Oct/2019 15:04:20] "POST /markdownx/markdownify/ HTTP/1.1" 200 163
[24/Oct/2019 15:04:23] "POST /markdownx/markdownify/ HTTP/1.1" 200 185
[24/Oct/2019 15:04:25] "POST /markdownx/markdownify/ HTTP/1.1" 200 185
[24/Oct/2019 15:04:27] "POST /markdownx/markdownify/ HTTP/1.1" 200 203
[24/Oct/2019 15:04:31] "POST /markdownx/markdownify/ HTTP/1.1" 200 203
[24/Oct/2019 15:04:49] "POST /vacation/create/ HTTP/1.1" 302 0
[24/Oct/2019 15:04:50] "GET /vacation/2/ HTTP/1.1" 200 9891
[24/Oct/2019 15:04:52] "GET /vacation/ HTTP/1.1" 200 11692
[24/Oct/2019 15:04:55] "GET /vacation/2/ HTTP/1.1" 200 9891
[24/Oct/2019 15:04:58] "GET / HTTP/1.1" 200 11998
[24/Oct/2019 15:04:58] "GET /static/images/soldier-icon-57.png HTTP/1.1" 304 0
[24/Oct/2019 15:04:58] "GET /static/images/adminPages.jpg HTTP/1.1" 304 0
[24/Oct/2019 15:04:58] "GET /vendor/jquery/jquery.min.js HTTP/1.1" 404 77
[24/Oct/2019 15:04:58] "GET /static/images/calendarIcon.png HTTP/1.1" 304 0
[24/Oct/2019 15:04:58] "GET /vendor/bootstrap/js/bootstrap.bundle.min.js HTTP/1.1" 404 77
[24/Oct/2019 15:04:58] "GET /static/images/boardIcon.jpg HTTP/1.1" 304 0
[24/Oct/2019 15:04:59] "GET /vendor/bootstrap/js/bootstrap.bundle.min.js HTTP/1.1" 404 77
[24/Oct/2019 15:05:01] "GET /vacation/ HTTP/1.1" 200 11692
[24/Oct/2019 15:05:06] "GET /admin/headcount/ HTTP/1.1" 200 17071
[24/Oct/2019 15:05:07] "GET /static/bootstrap/admin_tools/jquery.easing.min.js HTTP/1.1" 304 0
[24/Oct/2019 15:05:07] "GET /static/bootstrap/admin_tools/datatables-demo.js HTTP/1.1" 304 0
[24/Oct/2019 15:05:07] "GET /static/bootstrap/admin_tools/sb-admin.min.js HTTP/1.1" 304 0
[24/Oct/2019 15:05:07] "GET /static/bootstrap/admin_tools/dataTables.bootstrap4.js HTTP/1.1" 304 0
[24/Oct/2019 15:05:07] "GET /static/bootstrap/admin_tools/jquery.dataTables.js HTTP/1.1" 304 0
[24/Oct/2019 15:05:07] "GET /static/bootstrap/admin_tools/Chart.min.js HTTP/1.1" 304 0
[24/Oct/2019 15:05:07] "GET /static/bootstrap/admin_tools/chart-area-demo.js HTTP/1.1" 304 0
[24/Oct/2019 15:05:09] "GET /admin/headcount/ HTTP/1.1" 200 17071
[24/Oct/2019 15:05:11] "GET /admin/headcount/ HTTP/1.1" 200 17071
[24/Oct/2019 15:05:12] "GET /schedule/ HTTP/1.1" 200 21778
[24/Oct/2019 15:05:14] "GET / HTTP/1.1" 200 11998
[24/Oct/2019 15:05:14] "GET /vendor/jquery/jquery.min.js HTTP/1.1" 404 77
[24/Oct/2019 15:05:14] "GET /vendor/bootstrap/js/bootstrap.bundle.min.js HTTP/1.1" 404 77
[24/Oct/2019 15:05:16] "GET /night_duty/ HTTP/1.1" 200 20709
[24/Oct/2019 15:05:26] "GET /msgboards/ HTTP/1.1" 200 9775
[24/Oct/2019 15:05:29] "GET /admin/custom_site/ HTTP/1.1" 200 15050
[24/Oct/2019 15:05:37] "GET /admin/super/MessageBoards/category/ HTTP/1.1" 200 3409
[24/Oct/2019 15:05:38] "GET /static/admin/css/changelists.css HTTP/1.1" 200 6170
[24/Oct/2019 15:05:38] "GET /static/admin/css/base.css HTTP/1.1" 200 16378
[24/Oct/2019 15:05:38] "GET /static/admin/js/jquery.init.js HTTP/1.1" 200 363
[24/Oct/2019 15:05:38] "GET /admin/super/jsi18n/ HTTP/1.1" 200 3223
[24/Oct/2019 15:05:38] "GET /static/admin/css/responsive.css HTTP/1.1" 200 17944
[24/Oct/2019 15:05:38] "GET /static/admin/js/vendor/jquery/jquery.min.js HTTP/1.1" 200 86944
[24/Oct/2019 15:05:38] "GET /static/admin/js/core.js HTTP/1.1" 200 7099
[24/Oct/2019 15:05:38] "GET /static/admin/css/fonts.css HTTP/1.1" 200 423
[24/Oct/2019 15:05:38] "GET /static/admin/js/admin/RelatedObjectLookups.js HTTP/1.1" 200 6918
[24/Oct/2019 15:05:38] "GET /static/admin/js/actions.min.js HTTP/1.1" 200 3195
[24/Oct/2019 15:05:38] "GET /static/admin/js/urlify.js HTTP/1.1" 200 8941
[24/Oct/2019 15:05:38] "GET /static/admin/js/prepopulate.min.js HTTP/1.1" 200 379
[24/Oct/2019 15:05:38] "GET /static/admin/js/vendor/xregexp/xregexp.min.js HTTP/1.1" 200 62474
[24/Oct/2019 15:05:39] "GET /static/admin/img/icon-yes.svg HTTP/1.1" 200 436
[24/Oct/2019 15:05:39] "GET /static/admin/img/tooltag-add.svg HTTP/1.1" 200 331
[24/Oct/2019 15:05:39] "GET /static/admin/fonts/Roboto-Bold-webfont.woff HTTP/1.1" 200 86184
[24/Oct/2019 15:05:39] "GET /static/admin/fonts/Roboto-Light-webfont.woff HTTP/1.1" 200 85692
[24/Oct/2019 15:05:39] "GET /static/admin/fonts/Roboto-Regular-webfont.woff HTTP/1.1" 200 85876
[24/Oct/2019 15:05:42] "GET /admin/super/MessageBoards/category/add/ HTTP/1.1" 200 5283
[24/Oct/2019 15:05:42] "GET /admin/super/jsi18n/ HTTP/1.1" 200 3223
[24/Oct/2019 15:05:42] "GET /static/admin/css/forms.css HTTP/1.1" 200 8518
[24/Oct/2019 15:05:43] "GET /static/admin/js/prepopulate_init.js HTTP/1.1" 200 495
[24/Oct/2019 15:05:43] "GET /static/admin/js/change_form.js HTTP/1.1" 200 712
[24/Oct/2019 15:05:43] "GET /static/admin/css/widgets.css HTTP/1.1" 200 10340
[24/Oct/2019 15:05:59] "POST /admin/super/MessageBoards/category/add/ HTTP/1.1" 302 0
[24/Oct/2019 15:06:00] "GET /admin/super/MessageBoards/category/ HTTP/1.1" 200 4669
[24/Oct/2019 15:06:00] "GET /admin/super/jsi18n/ HTTP/1.1" 200 3223
[24/Oct/2019 15:06:01] "GET /admin/super/MessageBoards/category/add/ HTTP/1.1" 200 5283
[24/Oct/2019 15:06:02] "GET /admin/super/jsi18n/ HTTP/1.1" 200 3223
[24/Oct/2019 15:06:29] "POST /admin/super/MessageBoards/category/add/ HTTP/1.1" 302 0
[24/Oct/2019 15:06:30] "GET /admin/super/MessageBoards/category/ HTTP/1.1" 200 4941
[24/Oct/2019 15:06:30] "GET /admin/super/jsi18n/ HTTP/1.1" 200 3223
[24/Oct/2019 15:06:32] "GET / HTTP/1.1" 200 12290
[24/Oct/2019 15:06:32] "GET /static/images/soldier-icon-57.png HTTP/1.1" 304 0
[24/Oct/2019 15:06:32] "GET /static/images/adminPages.jpg HTTP/1.1" 304 0
[24/Oct/2019 15:06:32] "GET /static/images/boardIcon.jpg HTTP/1.1" 304 0
[24/Oct/2019 15:06:32] "GET /static/images/calendarIcon.png HTTP/1.1" 304 0
[24/Oct/2019 15:06:32] "GET /vendor/jquery/jquery.min.js HTTP/1.1" 404 77
[24/Oct/2019 15:06:32] "GET /vendor/bootstrap/js/bootstrap.bundle.min.js HTTP/1.1" 404 77
[24/Oct/2019 15:06:33] "GET /vendor/bootstrap/js/bootstrap.bundle.min.js HTTP/1.1" 404 77
[24/Oct/2019 15:06:37] "GET /msgboards/category/%EA%B0%90%EC%82%AC%EB%82%98%EB%88%94-123-%EC%9A%B4%EB%8F%99// HTTP/1.1" 404 77
[24/Oct/2019 15:06:43] "GET /msgboards/category/%EA%B3%B5%EC%A7%80%EC%82%AC%ED%95%AD// HTTP/1.1" 404 77
[24/Oct/2019 15:06:47] "GET /msgboards/category/%EA%B0%90%EC%82%AC%EB%82%98%EB%88%94-123-%EC%9A%B4%EB%8F%99// HTTP/1.1" 404 77
[24/Oct/2019 15:06:52] "GET /admin/custom_site/ HTTP/1.1" 200 16370
[24/Oct/2019 15:06:52] "GET /static/bootstrap/admin_tools/jquery.easing.min.js HTTP/1.1" 304 0
[24/Oct/2019 15:06:52] "GET /static/bootstrap/admin_tools/jquery.dataTables.js HTTP/1.1" 304 0
[24/Oct/2019 15:06:52] "GET /static/bootstrap/admin_tools/datatables-demo.js HTTP/1.1" 304 0
[24/Oct/2019 15:06:52] "GET /static/bootstrap/admin_tools/dataTables.bootstrap4.js HTTP/1.1" 304 0
[24/Oct/2019 15:06:52] "GET /static/bootstrap/admin_tools/Chart.min.js HTTP/1.1" 304 0
[24/Oct/2019 15:06:52] "GET /static/bootstrap/admin_tools/sb-admin.min.js HTTP/1.1" 304 0
[24/Oct/2019 15:06:53] "GET /static/bootstrap/admin_tools/chart-area-demo.js HTTP/1.1" 304 0
[24/Oct/2019 15:06:55] "GET /msgboards/ HTTP/1.1" 200 10543
[24/Oct/2019 15:06:56] "GET /msgboards/category/%EA%B0%90%EC%82%AC%EB%82%98%EB%88%94-123-%EC%9A%B4%EB%8F%99/ HTTP/1.1" 200 10554
[24/Oct/2019 15:06:58] "GET /msgboards/category/%EA%B3%B5%EC%A7%80%EC%82%AC%ED%95%AD/ HTTP/1.1" 200 10539
[24/Oct/2019 15:06:59] "GET /msgboards/category/%EA%B0%90%EC%82%AC%EB%82%98%EB%88%94-123-%EC%9A%B4%EB%8F%99/ HTTP/1.1" 200 10554
[24/Oct/2019 15:07:00] "GET /msgboards/category/%EA%B3%B5%EC%A7%80%EC%82%AC%ED%95%AD/ HTTP/1.1" 200 10539
[24/Oct/2019 15:07:00] "GET /msgboards/category/%EA%B0%90%EC%82%AC%EB%82%98%EB%88%94-123-%EC%9A%B4%EB%8F%99/ HTTP/1.1" 200 10554
[24/Oct/2019 15:07:01] "GET /msgboards/category/%EA%B3%B5%EC%A7%80%EC%82%AC%ED%95%AD/ HTTP/1.1" 200 10539
[24/Oct/2019 15:07:02] "GET /msgboards/category/%EA%B0%90%EC%82%AC%EB%82%98%EB%88%94-123-%EC%9A%B4%EB%8F%99/ HTTP/1.1" 200 10554
[24/Oct/2019 15:07:03] "GET /msgboards/category/%EA%B3%B5%EC%A7%80%EC%82%AC%ED%95%AD/ HTTP/1.1" 200 10539
[24/Oct/2019 15:07:04] "GET /msgboards/category/%EA%B0%90%EC%82%AC%EB%82%98%EB%88%94-123-%EC%9A%B4%EB%8F%99/ HTTP/1.1" 200 10554
[24/Oct/2019 15:07:04] "GET /msgboards/category/%EA%B3%B5%EC%A7%80%EC%82%AC%ED%95%AD/ HTTP/1.1" 200 10539
[24/Oct/2019 15:07:05] "GET /msgboards/category/%EA%B0%90%EC%82%AC%EB%82%98%EB%88%94-123-%EC%9A%B4%EB%8F%99/ HTTP/1.1" 200 10554
[24/Oct/2019 15:07:08] "GET /msgboards/category/%EA%B3%B5%EC%A7%80%EC%82%AC%ED%95%AD/ HTTP/1.1" 200 10539
[24/Oct/2019 15:07:08] "GET /msgboards/category/%EA%B0%90%EC%82%AC%EB%82%98%EB%88%94-123-%EC%9A%B4%EB%8F%99/ HTTP/1.1" 200 10554
[24/Oct/2019 15:07:09] "GET /msgboards/category/%EA%B3%B5%EC%A7%80%EC%82%AC%ED%95%AD/ HTTP/1.1" 200 10539
[24/Oct/2019 15:07:10] "GET /msgboards/category/%EA%B0%90%EC%82%AC%EB%82%98%EB%88%94-123-%EC%9A%B4%EB%8F%99/ HTTP/1.1" 200 10554
[24/Oct/2019 15:07:11] "GET /msgboards/category/%EA%B3%B5%EC%A7%80%EC%82%AC%ED%95%AD/ HTTP/1.1" 200 10539
[24/Oct/2019 15:07:11] "GET /msgboards/category/%EA%B0%90%EC%82%AC%EB%82%98%EB%88%94-123-%EC%9A%B4%EB%8F%99/ HTTP/1.1" 200 10554
[24/Oct/2019 15:07:12] "GET /msgboards/category/%EA%B3%B5%EC%A7%80%EC%82%AC%ED%95%AD/ HTTP/1.1" 200 10539
[24/Oct/2019 15:07:13] "GET /msgboards/category/%EA%B0%90%EC%82%AC%EB%82%98%EB%88%94-123-%EC%9A%B4%EB%8F%99/ HTTP/1.1" 200 10554
[24/Oct/2019 15:07:14] "GET /msgboards/category/%EA%B3%B5%EC%A7%80%EC%82%AC%ED%95%AD/ HTTP/1.1" 200 10539
[24/Oct/2019 15:07:15] "GET /msgboards/category/%EA%B0%90%EC%82%AC%EB%82%98%EB%88%94-123-%EC%9A%B4%EB%8F%99/ HTTP/1.1" 200 10554
[24/Oct/2019 15:07:16] "GET /msgboards/category/%EA%B3%B5%EC%A7%80%EC%82%AC%ED%95%AD/ HTTP/1.1" 200 10539
[24/Oct/2019 15:07:17] "GET /msgboards/category/%EA%B0%90%EC%82%AC%EB%82%98%EB%88%94-123-%EC%9A%B4%EB%8F%99/ HTTP/1.1" 200 10554
[24/Oct/2019 15:07:20] "GET /msgboards/category/%EA%B3%B5%EC%A7%80%EC%82%AC%ED%95%AD// HTTP/1.1" 404 77
[24/Oct/2019 15:07:25] "GET /msgboards/category/%EA%B3%B5%EC%A7%80%EC%82%AC%ED%95%AD// HTTP/1.1" 404 77
[24/Oct/2019 15:07:30] "GET /msgboards/category/%EA%B3%B5%EC%A7%80%EC%82%AC%ED%95%AD/ HTTP/1.1" 200 10539
[24/Oct/2019 15:07:32] "GET /msgboards/category/%EA%B0%90%EC%82%AC%EB%82%98%EB%88%94-123-%EC%9A%B4%EB%8F%99/ HTTP/1.1" 200 10554
[24/Oct/2019 15:07:36] "GET /msgboards/category/%EA%B0%90%EC%82%AC%EB%82%98%EB%88%94-123-%EC%9A%B4%EB%8F%99// HTTP/1.1" 404 77
[24/Oct/2019 15:07:39] "GET /msgboards/category/%EA%B0%90%EC%82%AC%EB%82%98%EB%88%94-123-%EC%9A%B4%EB%8F%99/ HTTP/1.1" 200 10554
[24/Oct/2019 15:07:57] "GET /admin/custom_site/ HTTP/1.1" 200 16370
[24/Oct/2019 15:07:57] "GET /static/bootstrap/admin_tools/Chart.min.js HTTP/1.1" 304 0
[24/Oct/2019 15:07:57] "GET /static/bootstrap/admin_tools/datatables-demo.js HTTP/1.1" 304 0
[24/Oct/2019 15:07:57] "GET /static/bootstrap/admin_tools/jquery.easing.min.js HTTP/1.1" 304 0
[24/Oct/2019 15:07:57] "GET /static/bootstrap/admin_tools/dataTables.bootstrap4.js HTTP/1.1" 304 0
[24/Oct/2019 15:07:57] "GET /static/bootstrap/admin_tools/sb-admin.min.js HTTP/1.1" 304 0
[24/Oct/2019 15:07:57] "GET /static/bootstrap/admin_tools/jquery.dataTables.js HTTP/1.1" 304 0
[24/Oct/2019 15:07:58] "GET /static/bootstrap/admin_tools/chart-area-demo.js HTTP/1.1" 304 0
[24/Oct/2019 15:08:00] "GET /admin/super/MessageBoards/category/ HTTP/1.1" 200 4723
[24/Oct/2019 15:08:01] "GET /admin/super/jsi18n/ HTTP/1.1" 200 3223
[24/Oct/2019 15:08:05] "GET /admin/super/MessageBoards/category/ HTTP/1.1" 200 4723
[24/Oct/2019 15:08:05] "GET /admin/super/jsi18n/ HTTP/1.1" 200 3223
[24/Oct/2019 15:08:08] "GET /admin/super/MessageBoards/ HTTP/1.1" 200 3977
[24/Oct/2019 15:08:09] "GET /static/admin/css/dashboard.css HTTP/1.1" 200 412
[24/Oct/2019 15:08:09] "GET /static/admin/img/icon-addlink.svg HTTP/1.1" 200 331
[24/Oct/2019 15:08:09] "GET /static/admin/img/icon-changelink.svg HTTP/1.1" 200 380
[24/Oct/2019 15:08:11] "GET /admin/super/ HTTP/1.1" 200 11085
[24/Oct/2019 15:08:39] "GET /admin/super/AdminPages/urlcostum/ HTTP/1.1" 200 3274
[24/Oct/2019 15:08:39] "GET /admin/super/jsi18n/ HTTP/1.1" 200 3223
[24/Oct/2019 15:08:41] "GET /admin/super/AdminPages/urlcostum/add/ HTTP/1.1" 200 5508
[24/Oct/2019 15:08:41] "GET /admin/super/jsi18n/ HTTP/1.1" 200 3223
[24/Oct/2019 15:09:20] "POST /admin/super/AdminPages/urlcostum/add/ HTTP/1.1" 302 0
[24/Oct/2019 15:09:21] "GET /admin/super/AdminPages/urlcostum/ HTTP/1.1" 200 4677
[24/Oct/2019 15:09:21] "GET /admin/super/jsi18n/ HTTP/1.1" 200 3223
[24/Oct/2019 15:09:25] "GET / HTTP/1.1" 200 12460
[24/Oct/2019 15:09:25] "GET /static/images/adminPages.jpg HTTP/1.1" 304 0
[24/Oct/2019 15:09:25] "GET /static/images/boardIcon.jpg HTTP/1.1" 304 0
[24/Oct/2019 15:09:25] "GET /vendor/jquery/jquery.min.js HTTP/1.1" 404 77
[24/Oct/2019 15:09:25] "GET /static/images/soldier-icon-57.png HTTP/1.1" 304 0
[24/Oct/2019 15:09:25] "GET /static/images/calendarIcon.png HTTP/1.1" 304 0
[24/Oct/2019 15:09:25] "GET /vendor/bootstrap/js/bootstrap.bundle.min.js HTTP/1.1" 404 77
[24/Oct/2019 15:09:27] "GET /www.narasarang.or.kr HTTP/1.1" 404 77
[24/Oct/2019 15:09:39] "GET /www.narasarang.or.kr HTTP/1.1" 404 77
[24/Oct/2019 15:09:47] "GET /admin/admin_tools/ HTTP/1.1" 200 17952
[24/Oct/2019 15:09:47] "GET /static/bootstrap/admin_tools/jquery.easing.min.js HTTP/1.1" 304 0
[24/Oct/2019 15:09:47] "GET /static/bootstrap/admin_tools/jquery.dataTables.js HTTP/1.1" 304 0
[24/Oct/2019 15:09:47] "GET /static/bootstrap/admin_tools/dataTables.bootstrap4.js HTTP/1.1" 304 0
[24/Oct/2019 15:09:47] "GET /static/bootstrap/admin_tools/sb-admin.min.js HTTP/1.1" 304 0
[24/Oct/2019 15:09:47] "GET /static/bootstrap/admin_tools/Chart.min.js HTTP/1.1" 304 0
[24/Oct/2019 15:09:47] "GET /static/bootstrap/admin_tools/datatables-demo.js HTTP/1.1" 304 0
[24/Oct/2019 15:09:48] "GET /static/bootstrap/admin_tools/chart-area-demo.js HTTP/1.1" 304 0
[24/Oct/2019 15:09:48] "GET /admin/super HTTP/1.1" 301 0
[24/Oct/2019 15:09:49] "GET /admin/super/ HTTP/1.1" 200 11398
[24/Oct/2019 15:09:54] "GET /admin/super/AdminPages/urlcostum/ HTTP/1.1" 200 4468
[24/Oct/2019 15:09:54] "GET /admin/super/jsi18n/ HTTP/1.1" 200 3223
[24/Oct/2019 15:09:55] "GET /admin/super/AdminPages/urlcostum/1/change/ HTTP/1.1" 200 5911
[24/Oct/2019 15:09:55] "GET /admin/super/jsi18n/ HTTP/1.1" 200 3223
[24/Oct/2019 15:09:56] "GET /static/admin/img/tooltag-arrowright.svg HTTP/1.1" 200 280
[24/Oct/2019 15:10:00] "POST /admin/super/AdminPages/urlcostum/1/change/ HTTP/1.1" 302 0
[24/Oct/2019 15:10:01] "GET /admin/super/AdminPages/urlcostum/ HTTP/1.1" 200 4679
[24/Oct/2019 15:10:01] "GET /admin/super/jsi18n/ HTTP/1.1" 200 3223
[24/Oct/2019 15:10:03] "GET / HTTP/1.1" 200 12456
[24/Oct/2019 15:10:04] "GET /vendor/bootstrap/js/bootstrap.bundle.min.js HTTP/1.1" 404 77
[24/Oct/2019 15:10:04] "GET /vendor/jquery/jquery.min.js HTTP/1.1" 404 77
[24/Oct/2019 15:10:04] "GET /vendor/bootstrap/js/bootstrap.bundle.min.js HTTP/1.1" 404 77
[24/Oct/2019 15:10:06] "GET /narasarang.or.kr HTTP/1.1" 404 77
[24/Oct/2019 15:15:14] "GET /admin/custom_site/ HTTP/1.1" 200 17005
[24/Oct/2019 15:15:15] "GET /static/bootstrap/admin_tools/jquery.easing.min.js HTTP/1.1" 304 0
[24/Oct/2019 15:15:15] "GET /static/bootstrap/admin_tools/Chart.min.js HTTP/1.1" 304 0
[24/Oct/2019 15:15:15] "GET /static/bootstrap/admin_tools/jquery.dataTables.js HTTP/1.1" 304 0
[24/Oct/2019 15:15:15] "GET /static/bootstrap/admin_tools/dataTables.bootstrap4.js HTTP/1.1" 304 0
[24/Oct/2019 15:15:15] "GET /static/bootstrap/admin_tools/sb-admin.min.js HTTP/1.1" 304 0
[24/Oct/2019 15:15:15] "GET /static/bootstrap/admin_tools/datatables-demo.js HTTP/1.1" 304 0
[24/Oct/2019 15:15:15] "GET /static/bootstrap/admin_tools/chart-area-demo.js HTTP/1.1" 304 0
[24/Oct/2019 15:15:16] "GET /admin/super/MessageBoards/category/ HTTP/1.1" 200 4723
[24/Oct/2019 15:15:17] "GET /admin/super/jsi18n/ HTTP/1.1" 200 3223
[24/Oct/2019 15:15:19] "GET /admin/super/MessageBoards/category/add/ HTTP/1.1" 200 5283
[24/Oct/2019 15:15:19] "GET /admin/super/jsi18n/ HTTP/1.1" 200 3223
[24/Oct/2019 15:16:01] "POST /admin/super/MessageBoards/category/add/ HTTP/1.1" 302 0
[24/Oct/2019 15:16:01] "GET /admin/super/MessageBoards/category/ HTTP/1.1" 200 5186
[24/Oct/2019 15:16:01] "GET /admin/super/jsi18n/ HTTP/1.1" 200 3223
